Start testing: Aug 29 12:27 UTC
----------------------------------------------------------
1/7 Testing: vek_language
1/7 Test: vek_language
Command: "/mnt/data/VekProgramingLanguage_v2.2.0_GUI_Installer/build-linux-test/vek_tests"
Directory: /mnt/data/VekProgramingLanguage_v2.2.0_GUI_Installer/build-linux-test
"vek_language" start time: Aug 29 12:27 UTC
Output:
----------------------------------------------------------
VEK 1.1 language tests: PASS
<end of output>
Test time =   0.00 sec
----------------------------------------------------------
Test Passed.
"vek_language" end time: Aug 29 12:27 UTC
"vek_language" time elapsed: 00:00:00
----------------------------------------------------------

2/7 Testing: vek_game_systems
2/7 Test: vek_game_systems
Command: "/mnt/data/VekProgramingLanguage_v2.2.0_GUI_Installer/build-linux-test/vek_game_systems_tests"
Directory: /mnt/data/VekProgramingLanguage_v2.2.0_GUI_Installer/build-linux-test
"vek_game_systems" start time: Aug 29 12:27 UTC
Output:
----------------------------------------------------------
VEK 1.1 gameplay systems tests: PASS
<end of output>
Test time =   0.00 sec
----------------------------------------------------------
Test Passed.
"vek_game_systems" end time: Aug 29 12:27 UTC
"vek_game_systems" time elapsed: 00:00:00
----------------------------------------------------------

3/7 Testing: vek_editor_systems
3/7 Test: vek_editor_systems
Command: "/mnt/data/VekProgramingLanguage_v2.2.0_GUI_Installer/build-linux-test/vek_editor_systems_tests"
Directory: /mnt/data/VekProgramingLanguage_v2.2.0_GUI_Installer/build-linux-test
"vek_editor_systems" start time: Aug 29 12:27 UTC
Output:
----------------------------------------------------------
VEK 1.2 editor/mode systems tests: PASS
<end of output>
Test time =   0.00 sec
----------------------------------------------------------
Test Passed.
"vek_editor_systems" end time: Aug 29 12:27 UTC
"vek_editor_systems" time elapsed: 00:00:00
----------------------------------------------------------

4/7 Testing: vek_v13_features
4/7 Test: vek_v13_features
Command: "/mnt/data/VekProgramingLanguage_v2.2.0_GUI_Installer/build-linux-test/vek_v13_tests"
Directory: /mnt/data/VekProgramingLanguage_v2.2.0_GUI_Installer/build-linux-test
"vek_v13_features" start time: Aug 29 12:27 UTC
Output:
----------------------------------------------------------
VEK 1.3 arrays/maps/modules/structs/events/parts tests: PASS
<end of output>
Test time =   0.00 sec
----------------------------------------------------------
Test Passed.
"vek_v13_features" end time: Aug 29 12:27 UTC
"vek_v13_features" time elapsed: 00:00:00
----------------------------------------------------------

5/7 Testing: vek_interaction_gui
5/7 Test: vek_interaction_gui
Command: "/mnt/data/VekProgramingLanguage_v2.2.0_GUI_Installer/build-linux-test/vek_interaction_systems_tests"
Directory: /mnt/data/VekProgramingLanguage_v2.2.0_GUI_Installer/build-linux-test
"vek_interaction_gui" start time: Aug 29 12:27 UTC
Output:
----------------------------------------------------------
VEK interaction + responsive GUI + camera/sky/rig tests: PASS
<end of output>
Test time =   0.00 sec
----------------------------------------------------------
Test Passed.
"vek_interaction_gui" end time: Aug 29 12:27 UTC
"vek_interaction_gui" time elapsed: 00:00:00
----------------------------------------------------------

6/7 Testing: vek_authority_security
6/7 Test: vek_authority_security
Command: "/mnt/data/VekProgramingLanguage_v2.2.0_GUI_Installer/build-linux-test/vek_authority_security_tests"
Directory: /mnt/data/VekProgramingLanguage_v2.2.0_GUI_Installer/build-linux-test
"vek_authority_security" start time: Aug 29 12:27 UTC
Output:
----------------------------------------------------------
VEK 2.0 authority/security tests: PASS
<end of output>
Test time =   0.00 sec
----------------------------------------------------------
Test Passed.
"vek_authority_security" end time: Aug 29 12:27 UTC
"vek_authority_security" time elapsed: 00:00:00
----------------------------------------------------------

7/7 Testing: vek_c_api
7/7 Test: vek_c_api
Command: "/mnt/data/VekProgramingLanguage_v2.2.0_GUI_Installer/build-linux-test/vek_c_api_tests"
Directory: /mnt/data/VekProgramingLanguage_v2.2.0_GUI_Installer/build-linux-test
"vek_c_api" start time: Aug 29 12:27 UTC
Output:
----------------------------------------------------------
VEK C ABI tests: PASS
<end of output>
Test time =   0.00 sec
----------------------------------------------------------
Test Passed.
"vek_c_api" end time: Aug 29 12:27 UTC
"vek_c_api" time elapsed: 00:00:00
----------------------------------------------------------

End testing: Aug 29 12:27 UTC
